[debug] [2025-08-13T16:14:31.324Z] ----------------------------------------------------------------------
[debug] [2025-08-13T16:14:31.328Z] Command:       C:\nvm4w\nodejs\node.exe C:\Users\HELLO\AppData\Roaming\npm\node_modules\firebase-tools\lib\bin\firebase.js init
[debug] [2025-08-13T16:14:31.328Z] CLI Version:   14.4.0
[debug] [2025-08-13T16:14:31.329Z] Platform:      win32
[debug] [2025-08-13T16:14:31.329Z] Node Version:  v24.3.0
[debug] [2025-08-13T16:14:31.329Z] Time:          Wed Aug 13 2025 21:44:31 GMT+0530 (India Standard Time)
[debug] [2025-08-13T16:14:31.329Z] ----------------------------------------------------------------------
[debug] 
[debug] [2025-08-13T16:14:31.334Z] > command requires scopes: ["email","openid","https://www.googleapis.com/auth/cloudplatformprojects.readonly","https://www.googleapis.com/auth/firebase","https://www.googleapis.com/auth/cloud-platform"]
[debug] [2025-08-13T16:14:31.334Z] > authorizing via signed-in user (devadharaharshil@gmail.com)
[info] 
     ######## #### ########  ######## ########     ###     ######  ########
     ##        ##  ##     ## ##       ##     ##  ##   ##  ##       ##
     ######    ##  ########  ######   ########  #########  ######  ######
     ##        ##  ##    ##  ##       ##     ## ##     ##       ## ##
     ##       #### ##     ## ######## ########  ##     ##  ######  ########

You're about to initialize a Firebase project in this directory:

  F:\helti

[info] 
=== Project Setup
[info] 
[info] First, let's associate this project directory with a Firebase project.
[info] You can create multiple project aliases by running firebase use --add, 
[info] but for now we'll just set up a default project.
[info] 
[info] i  If you want to create a project in a Google Cloud organization or folder, please use "firebase projects:create" instead, and return to this command when you've created the project. 
[debug] [2025-08-13T16:15:22.265Z] Checked if tokens are valid: false, expires at: 1755091559232
[debug] [2025-08-13T16:15:22.265Z] Checked if tokens are valid: false, expires at: 1755091559232
[debug] [2025-08-13T16:15:22.265Z] > refreshing access token with scopes: []
[debug] [2025-08-13T16:15:22.267Z] >>> [apiv2][query] POST https://www.googleapis.com/oauth2/v3/token [none]
[debug] [2025-08-13T16:15:22.267Z] >>> [apiv2][body] POST https://www.googleapis.com/oauth2/v3/token [omitted]
[debug] [2025-08-13T16:15:22.488Z] <<< [apiv2][status] POST https://www.googleapis.com/oauth2/v3/token 200
[debug] [2025-08-13T16:15:22.488Z] <<< [apiv2][body] POST https://www.googleapis.com/oauth2/v3/token [omitted]
[debug] [2025-08-13T16:15:22.575Z] >>> [apiv2][query] POST https://cloudresourcemanager.googleapis.com/v1/projects [none]
[debug] [2025-08-13T16:15:22.575Z] >>> [apiv2][body] POST https://cloudresourcemanager.googleapis.com/v1/projects {"projectId":"sukoon-4536","name":"sukoonhub"}
[debug] [2025-08-13T16:15:24.179Z] <<< [apiv2][status] POST https://cloudresourcemanager.googleapis.com/v1/projects 200
[debug] [2025-08-13T16:15:24.179Z] <<< [apiv2][body] POST https://cloudresourcemanager.googleapis.com/v1/projects {"name":"operations/create_project.global.5789819840989583923"}
[debug] [2025-08-13T16:15:24.180Z] Checked if tokens are valid: true, expires at: 1755105321488
[debug] [2025-08-13T16:15:24.180Z] Checked if tokens are valid: true, expires at: 1755105321488
[debug] [2025-08-13T16:15:24.180Z] >>> [apiv2][query] GET https://cloudresourcemanager.googleapis.com/v1/operations/create_project.global.5789819840989583923 [none]
[debug] [2025-08-13T16:15:25.672Z] <<< [apiv2][status] GET https://cloudresourcemanager.googleapis.com/v1/operations/create_project.global.5789819840989583923 200
[debug] [2025-08-13T16:15:25.673Z] <<< [apiv2][body] GET https://cloudresourcemanager.googleapis.com/v1/operations/create_project.global.5789819840989583923 {"name":"operations/create_project.global.5789819840989583923","metadata":{"@type":"type.googleapis.com/google.cloudresourcemanager.v1.ProjectCreationStatus","gettable":true,"ready":true},"done":true,"response":{"@type":"type.googleapis.com/google.cloudresourcemanager.v1.Project","projectNumber":"312455515675","projectId":"sukoon-4536","lifecycleState":"ACTIVE","name":"sukoonhub","createTime":"2025-08-13T16:15:23.752080Z"}}
[debug] [2025-08-13T16:15:25.679Z] Checked if tokens are valid: true, expires at: 1755105321488
[debug] [2025-08-13T16:15:25.679Z] Checked if tokens are valid: true, expires at: 1755105321488
[debug] [2025-08-13T16:15:25.680Z] >>> [apiv2][query] POST https://firebase.googleapis.com/v1beta1/projects/sukoon-4536:addFirebase [none]
[debug] [2025-08-13T16:15:26.874Z] <<< [apiv2][status] POST https://firebase.googleapis.com/v1beta1/projects/sukoon-4536:addFirebase 403
[debug] [2025-08-13T16:15:26.874Z] <<< [apiv2][body] POST https://firebase.googleapis.com/v1beta1/projects/sukoon-4536:addFirebase {"error":{"code":403,"message":"The caller does not have permission","status":"PERMISSION_DENIED"}}
[debug] [2025-08-13T16:15:26.875Z] Request to https://firebase.googleapis.com/v1beta1/projects/sukoon-4536:addFirebase had HTTP Error: 403, The caller does not have permission
[debug] [2025-08-13T16:15:26.999Z] FirebaseError: Request to https://firebase.googleapis.com/v1beta1/projects/sukoon-4536:addFirebase had HTTP Error: 403, The caller does not have permission
    at responseToError (C:\Users\HELLO\AppData\Roaming\npm\node_modules\firebase-tools\lib\responseToError.js:52:12)
    at RetryOperation._fn (C:\Users\HELLO\AppData\Roaming\npm\node_modules\firebase-tools\lib\apiv2.js:312:77)
    at process.processTicksAndRejections (node:internal/process/task_queues:105:5)
[error] 
[error] Error: Failed to add Firebase to Google Cloud Platform project. See firebase-debug.log for more info.
